[35m[Appium][39m Welcome to Appium v2.4.1
[35m[Appium][39m Non-default server args:
[35m[Appium][39m { basePath: [32m'/wd/hub'[39m, loglevel: [32m'info'[39m, port: [33m51808[39m }
[35m[Appium][39m Attempting to load driver uiautomator2...
[Appium] Appium REST http interface listener started on http://0.0.0.0:51808/wd/hub
[Appium] You can provide the following URLs in your client code to connect to this server:
[Appium] 	http://127.0.0.1:51808/wd/hub (only accessible from the same host)
[Appium] 	http://192.168.1.5:51808/wd/hub
[Appium] Available drivers:
[Appium]   - uiautomator2@2.42.2 (automationName 'UiAutomator2')
[Appium] No plugins have been installed. Use the "appium plugin" command to install the one(s) you want to use.
[38;5;0m[HTTP][0m [37m-->[39m [37mGET[39m [37m/wd/hub/status[39m
[38;5;0m[HTTP][0m {}
[38;5;0m[HTTP][0m <-- GET /wd/hub/status 200 10 ms - 110
[38;5;0m[HTTP][0m 
[38;5;0m[HTTP][0m [37m-->[39m [37mGET[39m [37m/wd/hub/status[39m
[38;5;0m[HTTP][0m {}
[38;5;0m[HTTP][0m <-- GET /wd/hub/status 200 2 ms - 110
[38;5;0m[HTTP][0m 
[38;5;0m[HTTP][0m [37m-->[39m [37mPOST[39m [37m/wd/hub/session[39m
[38;5;0m[HTTP][0m {"desiredCapabilities":{"appium:systemPort":51878,"appium:newCommandTimeout":1800,"appium:automationName":"uiautomator2","appium:fullReset":false,"appium:platformVersion":"13","appium:noReset":true,"appium:udid":"ae40f72b","appium:autoGrantPermissions":true,"appium:platformName":"ANDROID","appium:deviceName":"OnePlus CPH2381 (Android 13)","platformName":"Android","appium:app":"/Users/qabletestlab/Downloads/ApiDemos.apk"},"capabilities":{"firstMatch":[{"appium:app":"/Users/qabletestlab/Downloads/ApiDemos.apk","appium:autoGrantPermissions":true,"appium:automationName":"uiautomator2","appium:deviceName":"OnePlus CPH2381 (Android 13)","appium:fullReset":false,"appium:newCommandTimeout":1800,"appium:noReset":true,"appium:platformName":"ANDROID","appium:platformVersion":"13","appium:systemPort":51878,"appium:udid":"ae40f72b","platformName":"android"}]}}
[38;5;32m[BaseDriver][0m Ignoring capability 'appium:platformName=ANDROID' and using capability 'platformName=android'
[38;5;32m[BaseDriver][0m The capabilities ["platformName"] are standard capabilities and do not require "appium:" prefix
[Appium] Attempting to find matching driver for automationName 'uiautomator2' and platformName 'android'
[Appium] The 'uiautomator2' driver was installed and matched caps.
[Appium] Will require it at /Users/qabletestlab/.appium/node_modules/appium-uiautomator2-driver
[38;5;16m[AppiumDriver@0651][0m Appium v2.4.1 creating new AndroidUiautomator2Driver (v2.42.2) session
[38;5;16m[AppiumDriver[35m[Appium][39m Received SIGTERM - shutting down
[38;5;0m[HTTP][0m Waiting until the server is clo[38;5;0m[HTTP][0m Waiting until the server is closed
[38;5;0m[HTTP][0m Received server close event
iver's BaseDriver version is 9.5.0
[38;5;48m[AndroidUiautomator2Driver@ddc5 (60f6ce7f)][0m Session created with session id: 60f6ce7f-ad83-489e-af28-b72389cf1aaa
[38;5;32m[BaseDriver][0m Using local app '/Users/qabletestlab/Downloads/ApiDemos.apk'
[38;5;64m[ADB][0m Found 1 'build-tools' folders under '/Users/qabletestlab/.katalon/tools/android_sdk' (newest first):
[38;5;64m[ADB][0m     /Users/qabletestlab/.katalon/tools/android_sdk/build-tools/29.0.3
[38;5;64m[ADB][0m Using 'adb' from '/Users/qabletestlab/.katalon/tools/android_sdk/platform-tools/adb'
[38;5;80m[AndroidDriver][0m Retrieving device list
[38;5;80m[AndroidDriver][0m Using device: ae40f72b
[38;5;64m[ADB][0m Using 'adb' from '/Users/qabletestlab/.katalon/tools/android_sdk/platform-tools/adb'
[38;5;64m[ADB][0m Getting device platform version
[38;5;48m[AndroidUiautomator[Appium] Received SIGTERM - shutting down
[38;5;0m[HTTP][0m Waiting until the server is closed
[38;5;0m[HTTP][0m Received server close event
ity name: 'ApiDemos'
[38;5;64m[ADB][0m Using 'apksigner.jar' from '/Users/qabletestlab/.katalon/tools/android_sdk/build-tools/29.0.3/lib/apksigner.jar'
[38;5;64m[ADB][0m '/Users/qabletestlab/.appium/node_modules/appium-uiautomator2-driver/node_modules/appium-uiautomato[[Appium] Received SIGTERM - shutting down[38;5;0m[HTTP][0m Waiting until the server is closed
[38;5;0m[HTTP][0m Received server close event

appium/node_modules/appium-uiautomator2-driver/node_modules/appium-uiautomator2-server/apks/appium-uiautomator2-server-v6.0.4.apk' is signed with the default certificate
[38;5;48m[AndroidUiautomator2Driver@ddc5 (60f6ce7f)][0m Server packages are not going to be (re)installed
[38;5;64m[ADB][0m Adding packages ["io.appium.settings","io.appium.uiautomator2.server","io.appium.uiautomator2.server.test"] to Doze whitelist
[38;5;64m[ADB][0m '/Users/qabletestlab/Downloads/ApiDemos.apk' is signed with a non-default certificate
[38;5;64m[ADB][0m The application at '/Users/qabletestlab/Downloads/ApiDemos.apk' will not be cached, because the device under test has confirmed the support of streamed installs
[38;5;64m[ADB][0m The installation of 'ApiDemos.apk' took 464ms
[38;5;48m[AndroidUiautomator2Driver@ddc5 (60f6ce7f)][0m Starting UIAutomator2 server 6.0.4
[38;5;48m[AndroidUiautomator2Driver@ddc5 (60f6ce7f)][0m Using UIAutomator2 server from '/Users/qabletestlab/.appium/node_modules/appium-uiautomator2-driver/node_modules/appium-uiautomator2-server/apks/appium-uiautomator2-server-v6.0.4.apk' and test from '/Users/qabletestlab/.appium/node_modules/appium-uiautomator2-driver/node_modules/appium-uiautomator2-server/apks/appium-uiautomator2-server-debug-androidTest.apk'
[38;5;48m[AndroidUiautomator2Driver@ddc5 (60f6ce7f)][0m Waiting up to 30000ms for UiAutomator2 to be online...
[38;5;48m[AndroidUiautomator2Driver@ddc5 (60f6ce7f)][0m socket hang up
[38;5;48m[AndroidUiautomator2Driver@ddc5 (60f6ce7f)][0m socket hang up
[38;5;48m[AndroidUiautomator2Driver@ddc5 (60f6ce7f)][0m socket hang up
[38;5;48m[AndroidUiautomator2Driver@ddc5 (60f6ce7f)][0m Determined the downstream protocol as 'W3C'
[38;5;80m[AndroidDriver][0m Screen already unlocked, doing nothing
[38;5;48m[AndroidUiautomator2Driver@ddc5 (60f6ce7f)][0m Starting 'io.appium.android.apis/ApiDemos and waiting for 'io.appium.android.apis/ApiDemos'
[38;5;16m[AppiumDriver@0651][0m New AndroidUiautomator2Driver session created successfully, session 60f6ce7f-ad83-489e-af28-b72389cf1aaa added to master session list
[38;5;0m[HTTP][0m <-- POST /wd/hub/session 200 10826 ms - 1155
[38;5;0m[HTTP][0m 
[38;5;0m[HTTP][0m [37m-->[39m [37mGET[39m [37m/wd/hub/session/60f6ce7f-ad83-489e-af28-b72389cf1aaa[39m
[38;5;0m[HTTP][0m {}
[38;5;0m[HTTP][0m <-- GET /wd/hub/session/60f6ce7f-ad83-489e-af28-b72389cf1aaa 200 21 ms - 331
[38;5;0m[HTTP][0m 
[38;5;0m[HTTP][0m [37m-->[39m [37mGET[39m [37m/wd/hub/session/60f6ce7f-ad83-489e-af28-b72389cf1aaa[39m
[38;5;0m[HTTP][0m {}
[38;5;0m[HTTP][0m <-- GET /wd/hub/session/60f6ce7f-ad83-489e-af28-b72389cf1aaa 200 21 ms - 331
[38;5;0m[HTTP][0m 
[38;5;0m[HTTP][0m [37m-->[39m [37mGET[39m [37m/wd/hub/status[39m
[38;5;0m[HTTP][0m {}
[38;5;0m[HTTP][0m <-- GET /wd/hub/status 200 1 ms - 110
[38;5;0m[HTTP][0m 
[38;5;0m[HTTP][0m [37m-->[39m [37mPOST[39m [37m/wd/hub/session/60f6ce7f-ad83-489e-af28-b72389cf1aaa/timeouts[39m
[38;5;0m[HTTP][0m {"implicit":60000}
[38;5;0m[HTTP][0m <-- POST /wd/hub/session/60f6ce7f-ad83-489e-af28-b72389cf1aaa/timeouts 200 4 ms - 14
[38;5;0m[HTTP][0m 
[38;5;0m[HTTP][0m [37m-->[39m [37mGET[39m [37m/wd/hub/session/60f6ce7f-ad83-489e-af28-b72389cf1aaa/source[39m
[38;5;0m[HTTP][0m {}
[38;5;48m[AndroidUiautomator2Driver@ddc5 (60f6ce7f)][0m Driver proxy active, passing request on via HTTP proxy
[38;5;48m[AndroidUiautomator2Driver@ddc5 (60f6ce7f)][0m Replacing sessionId 6f778fcb-1fcc-4ecd-b022-e4a7471d94c1 with 60f6ce7f-ad83-489e-af28-b72389cf1aaa
[38;5;0m[HTTP][0m <-- GET /wd/hub/session/60f6ce7f-ad83-489e-af28-b72389cf1aaa/source 200 85 ms - 6375
[38;5;0m[HTTP][0m 
[38;5;0m[HTTP][0m [37m-->[39m [37mGET[39m [37m/wd/hub/session/60f6ce7f-ad83-489e-af28-b72389cf1aaa/screenshot[39m
[38;5;0m[HTTP][0m {}
[38;5;0m[HTTP][0m <-- GET /wd/hub/session/60f6ce7f-ad83-489e-af28-b72389cf1aaa/screenshot 200 473 ms - 165972
[38;5;0m[HTTP][0m 
[38;5;0m[HTTP][0m [37m-->[39m [37mPOST[39m [37m/wd/hub/session/60f6ce7f-ad83-489e-af28-b72389cf1aaa/elements[39m
[38;5;0m[HTTP][0m {"using":"xpath","value":"//*[@class = 'android.widget.Button' and (@text = 'OK' or . = 'OK') and @resource-id = 'android:id/button1']"}
[38;5;0m[HTTP][0m <-- POST /wd/hub/session/60f6ce7f-ad83-489e-af28-b72389cf1aaa/elements 200 768 ms - 139
[38;5;0m[HTTP][0m 
[38;5;0m[HTTP][0m [37m-->[39m [37mGET[39m [37m/wd/hub/session/60f6ce7f-ad83-489e-af28-b72389cf1aaa/window/rect[39m
[38;5;0m[HTTP][0m {}
[38;5;0m[HTTP][0m <-- GET /wd/hub/session/60f6ce7f-ad83-489e-af28-b72389cf1aaa/window/rect 200 39 ms - 50
[38;5;0m[HTTP][0m 
[38;5;0m[HTTP][0m [37m-->[39m [37mPOST[39m [37m/wd/hub/session/60f6ce7f-ad83-489e-af28-b72389cf1aaa/elements[39m
[38;5;0m[HTTP][0m {"using":"xpath","value":"//*[@class = 'android.widget.Button' and (@text = 'OK' or . = 'OK') and @resource-id = 'android:id/button1']"}
[38;5;0m[HTTP][0m <-- POST /wd/hub/session/60f6ce7f-ad83-489e-af28-b72389cf1aaa/elements 200 122 ms - 139
[38;5;0m[HTTP][0m 
[38;5;0m[HTTP][0m [37m-->[39m [37mGET[39m [37m/wd/hub/session/60f6ce7f-ad83-489e-af28-b72389cf1aaa/element/00000000-0000-0027-ffff-ffff00000031/location[39m
[38;5;0m[HTTP][0m {}
[38;5;48m[AndroidUiautomator2Driver@ddc5 (60f6ce7f)][0m Driver proxy active, passing request on via HTTP proxy
[38;5;48m[AndroidUiautomator2Driver@ddc5 (60f6ce7f)][0m Replacing sessionId 6f778fcb-1fcc-4ecd-b022-e4a7471d94c1 with 60f6ce7f-ad83-489e-af28-b72389cf1aaa
[38;5;0m[HTTP][0m <-- GET /wd/hub/session/60f6ce7f-ad83-489e-af28-b72389cf1aaa/element/00000000-0000-0027-ffff-ffff00000031/location 200 36 ms - 79
[38;5;0m[HTTP][0m 
[38;5;0m[HTTP][0m [37m-->[39m [37mPOST[39m [37m/wd/hub/session/60f6ce7f-ad83-489e-af28-b72389cf1aaa/element/00000000-0000-0027-ffff-ffff00000031/click[39m
[38;5;0m[HTTP][0m {"id":"00000000-0000-0027-ffff-ffff00000031"}
[38;5;0m[HTTP][0m <-- POST /wd/hub/session/60f6ce7f-ad83-489e-af28-b72389cf1aaa/element/00000000-0000-0027-ffff-ffff00000031/click 200 106 ms - 14
[38;5;0m[HTTP][0m 
[38;5;0m[HTTP][0m [37m-->[39m [37mGET[39m [37m/wd/hub/session/60f6ce7f-ad83-489e-af28-b72389cf1aaa/source[39m
[38;5;0m[HTTP][0m {}
[38;5;48m[AndroidUiautomator2Driver@ddc5 (60f6ce7f)][0m Driver proxy active, passing request on via HTTP proxy
[38;5;48m[AndroidUiautomator2Driver@ddc5 (60f6ce7f)][0m Replacing sessionId 6f778fcb-1fcc-4ecd-b022-e4a7471d94c1 with 60f6ce7f-ad83-489e-af28-b72389cf1aaa
[38;5;0m[HTTP][0m <-- GET /wd/hub/session/60f6ce7f-ad83-489e-af28-b72389cf1aaa/source 200 201 ms - 8121
[38;5;0m[HTTP][0m 
[38;5;0m[HTTP][0m [37m-->[39m [37mGET[39m [37m/wd/hub/session/60f6ce7f-ad83-489e-af28-b72389cf1aaa/screenshot[39m
[38;5;0m[HTTP][0m {}
[38;5;0m[HTTP][0m <-- GET /wd/hub/session/60f6ce7f-ad83-489e-af28-b72389cf1aaa/screenshot 200 423 ms - 115880
[38;5;0m[HTTP][0m 
[38;5;0m[HTTP][0m [37m-->[39m [37mPOST[39m [37m/wd/hub/session/60f6ce7f-ad83-489e-af28-b72389cf1aaa/elements[39m
[38;5;0m[HTTP][0m {"using":"xpath","value":"//*[@class = 'android.widget.TextView' and (@text = 'OS' or . = 'OS') and @resource-id = 'android:id/text1']"}
[38;5;0m[HTTP][0m <-- POST /wd/hub/session/60f6ce7f-ad83-489e-af28-b72389cf1aaa/elements 200 2951 ms - 139
[38;5;0m[HTTP][0m 
[38;5;0m[HTTP][0m [37m-->[39m [37mGET[39m [37m/wd/hub/session/60f6ce7f-ad83-489e-af28-b72389cf1aaa/window/rect[39m
[38;5;0m[HTTP][0m {}
[38;5;0m[HTTP][0m <-- GET /wd/hub/session/60f6ce7f-ad83-489e-af28-b72389cf1aaa/window/rect 200 28 ms - 50
[38;5;0m[HTTP][0m 
[38;5;0m[HTTP][0m [37m-->[39m [37mPOST[39m [37m/wd/hub/session/60f6ce7f-ad83-489e-af28-b72389cf1aaa/elements[39m
[38;5;0m[HTTP][0m {"using":"xpath","value":"//*[@class = 'android.widget.TextView' and (@text = 'OS' or . = 'OS') and @resource-id = 'android:id/text1']"}
[38;5;0m[HTTP][0m <-- POST /wd/hub/session/60f6ce7f-ad83-489e-af28-b72389cf1aaa/elements 200 737 ms - 139
[38;5;0m[HTTP][0m 
[38;5;0m[HTTP][0m [37m-->[39m [37mGET[39m [37m/wd/hub/session/60f6ce7f-ad83-489e-af28-b72389cf1aaa/element/00000000-0000-0028-ffff-ffff0000000e/location[39m
[38;5;0m[HTTP][0m {}
[38;5;48m[AndroidUiautomator2Driver@ddc5 (60f6ce7f)][0m Driver proxy active, passing request on via HTTP proxy
[38;5;48m[AndroidUiautomator2Driver@ddc5 (60f6ce7f)][0m Replacing sessionId 6f778fcb-1fcc-4ecd-b022-e4a7471d94c1 with 60f6ce7f-ad83-489e-af28-b72389cf1aaa
[38;5;0m[HTTP][0m <-- GET /wd/hub/session/60f6ce7f-ad83-489e-af28-b72389cf1aaa/element/00000000-0000-0028-ffff-ffff0000000e/location 200 49 ms - 77
[38;5;0m[HTTP][0m 
[38;5;0m[HTTP][0m [37m-->[39m [37mPOST[39m [37m/wd/hub/session/60f6ce7f-ad83-489e-af28-b72389cf1aaa/element/00000000-0000-0028-ffff-ffff0000000e/click[39m
[38;5;0m[HTTP][0m {"id":"00000000-0000-0028-ffff-ffff0000000e"}
[38;5;0m[HTTP][0m <-- POST /wd/hub/session/60f6ce7f-ad83-489e-af28-b72389cf1aaa/element/00000000-0000-0028-ffff-ffff0000000e/click 200 1436 ms - 14
[38;5;0m[HTTP][0m 
[38;5;0m[HTTP][0m [37m-->[39m [37mGET[39m [37m/wd/hub/session/60f6ce7f-ad83-489e-af28-b72389cf1aaa/source[39m
[38;5;0m[HTTP][0m {}
[38;5;48m[AndroidUiautomator2Driver@ddc5 (60f6ce7f)][0m Driver proxy active, passing request on via HTTP proxy
[38;5;48m[AndroidUiautomator2Driver@ddc5 (60f6ce7f)][0m Replacing sessionId 6f778fcb-1fcc-4ecd-b022-e4a7471d94c1 with 60f6ce7f-ad83-489e-af28-b72389cf1aaa
[38;5;0m[HTTP][0m <-- GET /wd/hub/session/60f6ce7f-ad83-489e-af28-b72389cf1aaa/source 200 77 ms - 5070
[38;5;0m[HTTP][0m 
[38;5;0m[HTTP][0m [37m-->[39m [37mGET[39m [37m/wd/hub/session/60f6ce7f-ad83-489e-af28-b72389cf1aaa/screenshot[39m
[38;5;0m[HTTP][0m {}
[38;5;0m[HTTP][0m <-- GET /wd/hub/session/60f6ce7f-ad83-489e-af28-b72389cf1aaa/screenshot 200 383 ms - 93528
[38;5;0m[HTTP][0m 
[38;5;0m[HTTP][0m [37m-->[39m [37mGET[39m [37m/wd/hub/session/60f6ce7f-ad83-489e-af28-b72389cf1aaa/screenshot[39m
[38;5;0m[HTTP][0m {}
[38;5;0m[HTTP][0m <-- GET /wd/hub/session/60f6ce7f-ad83-489e-af28-b72389cf1aaa/screenshot 200 345 ms - 93840
[38;5;0m[HTTP][0m 
[38;5;0m[HTTP][0m [37m-->[39m [37mGET[39m [37m/wd/hub/session/60f6ce7f-ad83-489e-af28-b72389cf1aaa/source[39m
[38;5;0m[HTTP][0m {}
[38;5;48m[AndroidUiautomator2Driver@ddc5 (60f6ce7f)][0m Driver proxy active, passing request on via HTTP proxy
[38;5;48m[AndroidUiautomator2Driver@ddc5 (60f6ce7f)][0m Replacing sessionId 6f778fcb-1fcc-4ecd-b022-e4a7471d94c1 with 60f6ce7f-ad83-489e-af28-b72389cf1aaa
[38;5;0m[HTTP][0m <-- GET /wd/hub/session/60f6ce7f-ad83-489e-af28-b72389cf1aaa/source 200 70 ms - 5070
[38;5;0m[HTTP][0m 
[38;5;0m[HTTP][0m [37m-->[39m [37mGET[39m [37m/wd/hub/session/60f6ce7f-ad83-489e-af28-b72389cf1aaa/screenshot[39m
[38;5;0m[HTTP][0m {}
[38;5;0m[HTTP][0m <-- GET /wd/hub/session/60f6ce7f-ad83-489e-af28-b72389cf1aaa/screenshot 200 369 ms - 93832
[38;5;0m[HTTP][0m 
[38;5;0m[HTTP][0m [37m-->[39m [37mPOST[39m [37m/wd/hub/session/60f6ce7f-ad83-489e-af28-b72389cf1aaa/elements[39m
[38;5;0m[HTTP][0m {"using":"xpath","value":"//*[@class = 'android.view.ViewGroup' and @resource-id = 'android:id/action_bar' and (@text = '' or . = '')]"}
[38;5;0m[HTTP][0m <-- POST /wd/hub/session/60f6ce7f-ad83-489e-af28-b72389cf1aaa/elements 200 121 ms - 139
[38;5;0m[HTTP][0m 
[38;5;0m[HTTP][0m [37m-->[39m [37mGET[39m [37m/wd/hub/session/60f6ce7f-ad83-489e-af28-b72389cf1aaa/window/rect[39m
[38;5;0m[HTTP][0m {}
[38;5;0m[HTTP][0m <-- GET /wd/hub/session/60f6ce7f-ad83-489e-af28-b72389cf1aaa/window/rect 200 19 ms - 50
[38;5;0m[HTTP][0m 
[38;5;0m[HTTP][0m [37m-->[39m [37mPOST[39m [37m/wd/hub/session/60f6ce7f-ad83-489e-af28-b72389cf1aaa/elements[39m
[38;5;0m[HTTP][0m {"using":"xpath","value":"//*[@class = 'android.view.ViewGroup' and @resource-id = 'android:id/action_bar' and (@text = '' or . = '')]"}
[38;5;0m[HTTP][0m <-- POST /wd/hub/session/60f6ce7f-ad83-489e-af28-b72389cf1aaa/elements 200 136 ms - 139
[38;5;0m[HTTP][0m 
[38;5;0m[HTTP][0m [37m-->[39m [37mGET[39m [37m/wd/hub/session/60f6ce7f-ad83-489e-af28-b72389cf1aaa/element/00000000-0000-0029-ffff-ffff00000017/location[39m
[38;5;0m[HTTP][0m {}
[38;5;48m[AndroidUiautomator2Driver@ddc5 (60f6ce7f)][0m Driver proxy active, passing request on via HTTP proxy
[38;5;48m[AndroidUiautomator2Driver@ddc5 (60f6ce7f)][0m Replacing sessionId 6f778fcb-1fcc-4ecd-b022-e4a7471d94c1 with 60f6ce7f-ad83-489e-af28-b72389cf1aaa
[38;5;0m[HTTP][0m <-- GET /wd/hub/session/60f6ce7f-ad83-489e-af28-b72389cf1aaa/element/00000000-0000-0029-ffff-ffff00000017/location 200 46 ms - 76
[38;5;0m[HTTP][0m 
[38;5;0m[HTTP][0m [37m-->[39m [37mPOST[39m [37m/wd/hub/session/60f6ce7f-ad83-489e-af28-b72389cf1aaa/element/00000000-0000-0029-ffff-ffff00000017/click[39m
[38;5;0m[HTTP][0m {"id":"00000000-0000-0029-ffff-ffff00000017"}
[38;5;0m[HTTP][0m <-- POST /wd/hub/session/60f6ce7f-ad83-489e-af28-b72389cf1aaa/element/00000000-0000-0029-ffff-ffff00000017/click 200 100 ms - 14
[38;5;0m[HTTP][0m 
[38;5;0m[HTTP][0m [37m-->[39m [37mGET[39m [37m/wd/hub/session/60f6ce7f-ad83-489e-af28-b72389cf1aaa/source[39m
[38;5;0m[HTTP][0m {}
[38;5;48m[AndroidUiautomator2Driver@ddc5 (60f6ce7f)][0m Driver proxy active, passing request on via HTTP proxy
[38;5;48m[AndroidUiautomator2Driver@ddc5 (60f6ce7f)][0m Replacing sessionId 6f778fcb-1fcc-4ecd-b022-e4a7471d94c1 with 60f6ce7f-ad83-489e-af28-b72389cf1aaa
[38;5;0m[HTTP][0m <-- GET /wd/hub/session/60f6ce7f-ad83-489e-af28-b72389cf1aaa/source 200 90 ms - 5070
[38;5;0m[HTTP][0m 
[38;5;0m[HTTP][0m [37m-->[39m [37mGET[39m [37m/wd/hub/session/60f6ce7f-ad83-489e-af28-b72389cf1aaa/screenshot[39m
[38;5;0m[HTTP][0m {}
[38;5;0m[HTTP][0m <-- GET /wd/hub/session/60f6ce7f-ad83-489e-af28-b72389cf1aaa/screenshot 200 366 ms - 94988
[38;5;0m[HTTP][0m 
[38;5;0m[HTTP][0m [37m-->[39m [37mGET[39m [37m/wd/hub/session/60f6ce7f-ad83-489e-af28-b72389cf1aaa/context[39m
[38;5;0m[HTTP][0m {}
[38;5;0m[HTTP][0m <-- GET /wd/hub/session/60f6ce7f-ad83-489e-af28-b72389cf1aaa/context 200 1 ms - 22
[38;5;0m[HTTP][0m 
[38;5;0m[HTTP][0m [37m-->[39m [37mGET[39m [37m/wd/hub/session/60f6ce7f-ad83-489e-af28-b72389cf1aaa/contexts[39m
[38;5;0m[HTTP][0m {}
[38;5;0m[HTTP][0m <-- GET /wd/hub/session/60f6ce7f-ad83-489e-af28-b72389cf1aaa/contexts 200 308 ms - 24
[38;5;0m[HTTP][0m 
[38;5;0m[HTTP][0m [37m-->[39m [37mPOST[39m [37m/wd/hub/session/60f6ce7f-ad83-489e-af28-b72389cf1aaa/context[39m
[38;5;0m[HTTP][0m {"name":"NATIVE_APP"}
[38;5;0m[HTTP][0m <-- POST /wd/hub/session/60f6ce7f-ad83-489e-af28-b72389cf1aaa/context 200 3 ms - 14
[38;5;0m[HTTP][0m 
[38;5;0m[HTTP][0m [37m-->[39m [37mPOST[39m [37m/wd/hub/session/60f6ce7f-ad83-489e-af28-b72389cf1aaa/appium/device/press_keycode[39m
[38;5;0m[HTTP][0m {"keycode":4}
[38;5;0m[HTTP][0m <-- POST /wd/hub/session/60f6ce7f-ad83-489e-af28-b72389cf1aaa/appium/device/press_keycode 200 752 ms - 14
[38;5;0m[HTTP][0m 
[38;5;0m[HTTP][0m [37m-->[39m [37mPOST[39m [37m/wd/hub/session/60f6ce7f-ad83-489e-af28-b72389cf1aaa/context[39m
[38;5;0m[HTTP][0m {"name":"NATIVE_APP"}
[38;5;0m[HTTP][0m <-- POST /wd/hub/session/60f6ce7f-ad83-489e-af28-b72389cf1aaa/context 200 1 ms - 14
[38;5;0m[HTTP][0m 
[38;5;0m[HTTP][0m [37m-->[39m [37mGET[39m [37m/wd/hub/session/60f6ce7f-ad83-489e-af28-b72389cf1aaa/source[39m
[38;5;0m[HTTP][0m {}
[38;5;48m[AndroidUiautomator2Driver@ddc5 (60f6ce7f)][0m Driver proxy active, passing request on via HTTP proxy
[38;5;48m[AndroidUiautomator2Driver@ddc5 (60f6ce7f)][0m Replacing sessionId 6f778fcb-1fcc-4ecd-b022-e4a7471d94c1 with 60f6ce7f-ad83-489e-af28-b72389cf1aaa
[38;5;0m[HTTP][0m <-- GET /wd/hub/session/60f6ce7f-ad83-489e-af28-b72389cf1aaa/source 200 209 ms - 8121
[38;5;0m[HTTP][0m 
[38;5;0m[HTTP][0m [37m-->[39m [37mGET[39m [37m/wd/hub/session/60f6ce7f-ad83-489e-af28-b72389cf1aaa/screenshot[39m
[38;5;0m[HTTP][0m {}
[38;5;0m[HTTP][0m <-- GET /wd/hub/session/60f6ce7f-ad83-489e-af28-b72389cf1aaa/screenshot 200 375 ms - 116796
[38;5;0m[HTTP][0m 
[38;5;0m[HTTP][0m [37m-->[39m [37mDELETE[39m [37m/wd/hub/session/60f6ce7f-ad83-489e-af28-b72389cf1aaa[39m
[38;5;0m[HTTP][0m {}
[38;5;16m[AppiumDriver@0651][0m Removing session 60f6ce7f-ad83-489e-af28-b72389cf1aaa from our master session list
[38;5;48m[AndroidUiautomator2Driver@ddc5 (60f6ce7f)][0m Restoring hidden api policy to the device default configuration
[38;5;0m[HTTP][0m <-- DELETE /wd/hub/session/60f6ce7f-ad83-489e-af28-b72389cf1aaa 200 321 ms - 14
[38;5;0m[HTTP][0m 
[Appium] Received SIGTERM - shutting down
[38;5;0m[HTTP][0m Waiting until the server is closed
[38;5;0m[HTTP][0m Received server close event
